<?xml version="1.0" encoding="UTF-8"?>
<coverage generated="1694098153">
  <project timestamp="1694098153">
    <file name="/home/runner/work/phpunit-matrix-data-provider/phpunit-matrix-data-provider/src/MatrixBuilder.php">
      <class name="Apie\PhpunitMatrixDataProvider\MatrixBuilder" namespace="global">
        <metrics complexity="19" methods="5" coveredmethods="1" conditionals="0" coveredconditionals="0" statements="49" coveredstatements="39" elements="54" coveredelements="40"/>
      </class>
      <line num="13" type="method" name="__construct" visibility="public" complexity="3" crap="3" count="2"/>
      <line num="15" type="stmt" count="2"/>
      <line num="16" type="stmt" count="2"/>
      <line num="17" type="stmt" count="2"/>
      <line num="18" type="stmt" count="2"/>
      <line num="19" type="stmt" count="2"/>
      <line num="20" type="stmt" count="2"/>
      <line num="21" type="stmt" count="2"/>
      <line num="22" type="stmt" count="2"/>
      <line num="27" type="method" name="getObjectFactory" visibility="public" complexity="1" crap="2" count="0"/>
      <line num="29" type="stmt" count="0"/>
      <line num="32" type="method" name="getVariations" visibility="public" complexity="4" crap="4.05" count="1"/>
      <line num="34" type="stmt" count="1"/>
      <line num="35" type="stmt" count="1"/>
      <line num="36" type="stmt" count="1"/>
      <line num="37" type="stmt" count="1"/>
      <line num="38" type="stmt" count="1"/>
      <line num="39" type="stmt" count="0"/>
      <line num="43" type="stmt" count="1"/>
      <line num="46" type="method" name="createMatrix" visibility="public" complexity="5" crap="5.03" count="2"/>
      <line num="48" type="stmt" count="2"/>
      <line num="49" type="stmt" count="2"/>
      <line num="50" type="stmt" count="0"/>
      <line num="52" type="stmt" count="2"/>
      <line num="53" type="stmt" count="2"/>
      <line num="54" type="stmt" count="2"/>
      <line num="55" type="stmt" count="2"/>
      <line num="56" type="stmt" count="1"/>
      <line num="57" type="stmt" count="1"/>
      <line num="58" type="stmt" count="1"/>
      <line num="59" type="stmt" count="1"/>
      <line num="60" type="stmt" count="1"/>
      <line num="61" type="stmt" count="1"/>
      <line num="62" type="stmt" count="1"/>
      <line num="63" type="stmt" count="1"/>
      <line num="65" type="stmt" count="1"/>
      <line num="66" type="stmt" count="1"/>
      <line num="67" type="stmt" count="0"/>
      <line num="69" type="stmt" count="1"/>
      <line num="71" type="stmt" count="1"/>
      <line num="74" type="method" name="buildCombinations" visibility="private" complexity="6" crap="9.54" count="1"/>
      <line num="76" type="stmt" count="1"/>
      <line num="77" type="stmt" count="0"/>
      <line num="79" type="stmt" count="1"/>
      <line num="80" type="stmt" count="1"/>
      <line num="81" type="stmt" count="1"/>
      <line num="82" type="stmt" count="1"/>
      <line num="83" type="stmt" count="1"/>
      <line num="84" type="stmt" count="0"/>
      <line num="86" type="stmt" count="1"/>
      <line num="88" type="stmt" count="0"/>
      <line num="89" type="stmt" count="0"/>
      <line num="90" type="stmt" count="0"/>
      <line num="95" type="stmt" count="0"/>
      <metrics loc="97" ncloc="97" classes="1" methods="5" coveredmethods="1" conditionals="0" coveredconditionals="0" statements="49" coveredstatements="39" elements="54" coveredelements="40"/>
    </file>
    <metrics files="1" loc="97" ncloc="97" classes="1" methods="5" coveredmethods="1" conditionals="0" coveredconditionals="0" statements="49" coveredstatements="39" elements="54" coveredelements="40"/>
  </project>
</coverage>
